{"/Users/evanfannin/PycharmProjects/airbnb_clone/frontend/styleMock.js": {"path":"/Users/evanfannin/PycharmProjects/airbnb_clone/frontend/styleMock.js","statementMap":{"0":{"start":{"line":1,"column":0},"end":{"line":1,"column":20}}},"fnMap":{},"branchMap":{},"s":{"0":5},"f":{},"b":{},"_coverageSchema":"1a1c01bbd47fc00a2c39e90264f33305004495a9","hash":"4768613a2ad15569b89874a7d304e827e3ccf925"}
,"/Users/evanfannin/PycharmProjects/airbnb_clone/frontend/src/auth/privateRoute.js": {"path":"/Users/evanfannin/PycharmProjects/airbnb_clone/frontend/src/auth/privateRoute.js","statementMap":{"0":{"start":{"line":9,"column":4},"end":{"line":18,"column":6}},"1":{"start":{"line":11,"column":12},"end":{"line":16,"column":39}}},"fnMap":{"0":{"name":"PrivateRoute","decl":{"start":{"line":8,"column":24},"end":{"line":8,"column":36}},"loc":{"start":{"line":8,"column":72},"end":{"line":19,"column":1}},"line":8},"1":{"name":"(anonymous_1)","decl":{"start":{"line":10,"column":35},"end":{"line":10,"column":36}},"loc":{"start":{"line":10,"column":46},"end":{"line":17,"column":9}},"line":10}},"branchMap":{"0":{"loc":{"start":{"line":11,"column":19},"end":{"line":16,"column":38}},"type":"cond-expr","locations":[{"start":{"line":12,"column":14},"end":{"line":15,"column":17}},{"start":{"line":16,"column":14},"end":{"line":16,"column":38}}],"line":11}},"s":{"0":2,"1":2},"f":{"0":2,"1":2},"b":{"0":[1,1]},"_coverageSchema":"1a1c01bbd47fc00a2c39e90264f33305004495a9","hash":"656fc32476ae4afb5af15ab4f79ce0b6de20598d"}
,"/Users/evanfannin/PycharmProjects/airbnb_clone/frontend/src/components/button.js": {"path":"/Users/evanfannin/PycharmProjects/airbnb_clone/frontend/src/components/button.js","statementMap":{"0":{"start":{"line":7,"column":19},"end":{"line":7,"column":42}},"1":{"start":{"line":9,"column":4},"end":{"line":23,"column":6}}},"fnMap":{"0":{"name":"Button","decl":{"start":{"line":6,"column":24},"end":{"line":6,"column":30}},"loc":{"start":{"line":6,"column":38},"end":{"line":24,"column":1}},"line":6}},"branchMap":{"0":{"loc":{"start":{"line":7,"column":19},"end":{"line":7,"column":42}},"type":"cond-expr","locations":[{"start":{"line":7,"column":30},"end":{"line":7,"column":34}},{"start":{"line":7,"column":37},"end":{"line":7,"column":42}}],"line":7},"1":{"loc":{"start":{"line":9,"column":11},"end":{"line":23,"column":5}},"type":"cond-expr","locations":[{"start":{"line":11,"column":8},"end":{"line":17,"column":14}},{"start":{"line":20,"column":8},"end":{"line":22,"column":17}}],"line":9}},"s":{"0":2,"1":2},"f":{"0":2},"b":{"0":[1,1],"1":[1,1]},"_coverageSchema":"1a1c01bbd47fc00a2c39e90264f33305004495a9","hash":"707aee54efe66e3ebf91a030603f0e587f6d441b"}
,"/Users/evanfannin/PycharmProjects/airbnb_clone/frontend/src/components/cardLinkArea.js": {"path":"/Users/evanfannin/PycharmProjects/airbnb_clone/frontend/src/components/cardLinkArea.js","statementMap":{"0":{"start":{"line":4,"column":4},"end":{"line":8,"column":6}}},"fnMap":{"0":{"name":"(anonymous_0)","decl":{"start":{"line":3,"column":15},"end":{"line":3,"column":16}},"loc":{"start":{"line":3,"column":31},"end":{"line":9,"column":1}},"line":3}},"branchMap":{},"s":{"0":1},"f":{"0":1},"b":{},"_coverageSchema":"1a1c01bbd47fc00a2c39e90264f33305004495a9","hash":"432e6f2eaa16d125d8e2aa258926ef79e56773ec"}
,"/Users/evanfannin/PycharmProjects/airbnb_clone/frontend/src/components/contentCard.js": {"path":"/Users/evanfannin/PycharmProjects/airbnb_clone/frontend/src/components/contentCard.js","statementMap":{"0":{"start":{"line":4,"column":22},"end":{"line":6,"column":27}},"1":{"start":{"line":7,"column":4},"end":{"line":11,"column":5}}},"fnMap":{"0":{"name":"ContentCard","decl":{"start":{"line":3,"column":24},"end":{"line":3,"column":35}},"loc":{"start":{"line":3,"column":43},"end":{"line":12,"column":1}},"line":3}},"branchMap":{"0":{"loc":{"start":{"line":4,"column":22},"end":{"line":6,"column":27}},"type":"cond-expr","locations":[{"start":{"line":5,"column":5},"end":{"line":5,"column":68}},{"start":{"line":6,"column":4},"end":{"line":6,"column":27}}],"line":4},"1":{"loc":{"start":{"line":5,"column":5},"end":{"line":5,"column":68}},"type":"cond-expr","locations":[{"start":{"line":5,"column":28},"end":{"line":5,"column":42}},{"start":{"line":5,"column":45},"end":{"line":5,"column":68}}],"line":5}},"s":{"0":2,"1":2},"f":{"0":2},"b":{"0":[1,1],"1":[1,0]},"_coverageSchema":"1a1c01bbd47fc00a2c39e90264f33305004495a9","hash":"1d925502ee3c01a22cfe3175113d0bf6a5e8668d"}
,"/Users/evanfannin/PycharmProjects/airbnb_clone/frontend/src/components/imageCard.js": {"path":"/Users/evanfannin/PycharmProjects/airbnb_clone/frontend/src/components/imageCard.js","statementMap":{"0":{"start":{"line":5,"column":4},"end":{"line":9,"column":5}}},"fnMap":{"0":{"name":"ImageCard","decl":{"start":{"line":4,"column":24},"end":{"line":4,"column":33}},"loc":{"start":{"line":4,"column":41},"end":{"line":10,"column":1}},"line":4}},"branchMap":{},"s":{"0":1},"f":{"0":1},"b":{},"_coverageSchema":"1a1c01bbd47fc00a2c39e90264f33305004495a9","hash":"18291f3adb310beb81332da40c09c4d4382f2d1b"}
,"/Users/evanfannin/PycharmProjects/airbnb_clone/frontend/src/components/layoutContainer.js": {"path":"/Users/evanfannin/PycharmProjects/airbnb_clone/frontend/src/components/layoutContainer.js","statementMap":{"0":{"start":{"line":4,"column":4},"end":{"line":8,"column":6}}},"fnMap":{"0":{"name":"(anonymous_0)","decl":{"start":{"line":3,"column":15},"end":{"line":3,"column":16}},"loc":{"start":{"line":3,"column":31},"end":{"line":9,"column":1}},"line":3}},"branchMap":{},"s":{"0":1},"f":{"0":1},"b":{},"_coverageSchema":"1a1c01bbd47fc00a2c39e90264f33305004495a9","hash":"d710774ba354ab30db7925c4fbf637d92402666c"}
,"/Users/evanfannin/PycharmProjects/airbnb_clone/frontend/src/components/pageTitle.js": {"path":"/Users/evanfannin/PycharmProjects/airbnb_clone/frontend/src/components/pageTitle.js","statementMap":{"0":{"start":{"line":5,"column":4},"end":{"line":20,"column":5}}},"fnMap":{"0":{"name":"PageTitle","decl":{"start":{"line":4,"column":24},"end":{"line":4,"column":33}},"loc":{"start":{"line":4,"column":41},"end":{"line":21,"column":1}},"line":4}},"branchMap":{"0":{"loc":{"start":{"line":5,"column":11},"end":{"line":20,"column":5}},"type":"cond-expr","locations":[{"start":{"line":6,"column":8},"end":{"line":13,"column":14}},{"start":{"line":15,"column":8},"end":{"line":19,"column":14}}],"line":5}},"s":{"0":2},"f":{"0":2},"b":{"0":[1,1]},"_coverageSchema":"1a1c01bbd47fc00a2c39e90264f33305004495a9","hash":"2b2f6785dba209996fd4319f07fca317f1fd2c16"}
,"/Users/evanfannin/PycharmProjects/airbnb_clone/frontend/src/pages/general/homePage.js": {"path":"/Users/evanfannin/PycharmProjects/airbnb_clone/frontend/src/pages/general/homePage.js","statementMap":{"0":{"start":{"line":19,"column":4},"end":{"line":35,"column":6}}},"fnMap":{"0":{"name":"HomePage","decl":{"start":{"line":17,"column":24},"end":{"line":17,"column":32}},"loc":{"start":{"line":17,"column":35},"end":{"line":36,"column":1}},"line":17}},"branchMap":{},"s":{"0":1},"f":{"0":1},"b":{},"_coverageSchema":"1a1c01bbd47fc00a2c39e90264f33305004495a9","hash":"cf56b81108c375b80082a1a6e8afa06907417c65"}
,"/Users/evanfannin/PycharmProjects/airbnb_clone/frontend/src/pages/general/mainContent.js": {"path":"/Users/evanfannin/PycharmProjects/airbnb_clone/frontend/src/pages/general/mainContent.js","statementMap":{"0":{"start":{"line":6,"column":4},"end":{"line":10,"column":6}}},"fnMap":{"0":{"name":"MainContent","decl":{"start":{"line":5,"column":24},"end":{"line":5,"column":35}},"loc":{"start":{"line":5,"column":43},"end":{"line":11,"column":1}},"line":5}},"branchMap":{},"s":{"0":1},"f":{"0":1},"b":{},"_coverageSchema":"1a1c01bbd47fc00a2c39e90264f33305004495a9","hash":"a7c737d54a409a0926a285b99f2fb95253a7bc47"}
}
