{"/Users/evanfannin/projects/Denny-BnB/frontend/styleMock.js": {"path":"/Users/evanfannin/projects/Denny-BnB/frontend/styleMock.js","statementMap":{"0":{"start":{"line":1,"column":0},"end":{"line":1,"column":20}}},"fnMap":{},"branchMap":{},"s":{"0":12},"f":{},"b":{},"_coverageSchema":"1a1c01bbd47fc00a2c39e90264f33305004495a9","hash":"97a8ef697d68142095427f350e350bbfe6433803"}
,"/Users/evanfannin/projects/Denny-BnB/frontend/src/axios.js": {"path":"/Users/evanfannin/projects/Denny-BnB/frontend/src/axios.js","statementMap":{"0":{"start":{"line":4,"column":22},"end":{"line":4,"column":50}},"1":{"start":{"line":5,"column":25},"end":{"line":5,"column":63}},"2":{"start":{"line":6,"column":23},"end":{"line":6,"column":47}},"3":{"start":{"line":8,"column":22},"end":{"line":18,"column":2}},"4":{"start":{"line":20,"column":0},"end":{"line":94,"column":2}},"5":{"start":{"line":22,"column":2},"end":{"line":22,"column":18}},"6":{"start":{"line":25,"column":26},"end":{"line":25,"column":38}},"7":{"start":{"line":27,"column":2},"end":{"line":34,"column":3}},"8":{"start":{"line":28,"column":3},"end":{"line":32,"column":5}},"9":{"start":{"line":33,"column":3},"end":{"line":33,"column":32}},"10":{"start":{"line":36,"column":2},"end":{"line":43,"column":3}},"11":{"start":{"line":40,"column":6},"end":{"line":40,"column":44}},"12":{"start":{"line":41,"column":3},"end":{"line":41,"column":37}},"13":{"start":{"line":42,"column":3},"end":{"line":42,"column":32}},"14":{"start":{"line":45,"column":2},"end":{"line":89,"column":3}},"15":{"start":{"line":50,"column":24},"end":{"line":50,"column":61}},"16":{"start":{"line":52,"column":3},"end":{"line":55,"column":4}},"17":{"start":{"line":53,"column":7},"end":{"line":53,"column":46}},"18":{"start":{"line":54,"column":7},"end":{"line":54,"column":41}},"19":{"start":{"line":57,"column":3},"end":{"line":88,"column":4}},"20":{"start":{"line":58,"column":23},"end":{"line":58,"column":67}},"21":{"start":{"line":61,"column":16},"end":{"line":61,"column":44}},"22":{"start":{"line":62,"column":4},"end":{"line":62,"column":32}},"23":{"start":{"line":64,"column":4},"end":{"line":84,"column":5}},"24":{"start":{"line":65,"column":5},"end":{"line":80,"column":9}},"25":{"start":{"line":68,"column":7},"end":{"line":68,"column":66}},"26":{"start":{"line":69,"column":7},"end":{"line":69,"column":68}},"27":{"start":{"line":71,"column":7},"end":{"line":72,"column":41}},"28":{"start":{"line":73,"column":7},"end":{"line":74,"column":41}},"29":{"start":{"line":76,"column":7},"end":{"line":76,"column":45}},"30":{"start":{"line":79,"column":7},"end":{"line":79,"column":24}},"31":{"start":{"line":82,"column":5},"end":{"line":82,"column":66}},"32":{"start":{"line":83,"column":5},"end":{"line":83,"column":39}},"33":{"start":{"line":86,"column":4},"end":{"line":86,"column":48}},"34":{"start":{"line":87,"column":4},"end":{"line":87,"column":38}},"35":{"start":{"line":92,"column":2},"end":{"line":92,"column":31}}},"fnMap":{"0":{"name":"(anonymous_0)","decl":{"start":{"line":21,"column":1},"end":{"line":21,"column":2}},"loc":{"start":{"line":21,"column":15},"end":{"line":23,"column":2}},"line":21},"1":{"name":"(anonymous_1)","decl":{"start":{"line":24,"column":1},"end":{"line":24,"column":2}},"loc":{"start":{"line":24,"column":24},"end":{"line":93,"column":2}},"line":24},"2":{"name":"(anonymous_2)","decl":{"start":{"line":67,"column":12},"end":{"line":67,"column":13}},"loc":{"start":{"line":67,"column":26},"end":{"line":77,"column":7}},"line":67},"3":{"name":"(anonymous_3)","decl":{"start":{"line":78,"column":13},"end":{"line":78,"column":14}},"loc":{"start":{"line":78,"column":22},"end":{"line":80,"column":7}},"line":78}},"branchMap":{"0":{"loc":{"start":{"line":12,"column":23},"end":{"line":14,"column":18}},"type":"cond-expr","locations":[{"start":{"line":13,"column":14},"end":{"line":13,"column":62}},{"start":{"line":14,"column":14},"end":{"line":14,"column":18}}],"line":12},"1":{"loc":{"start":{"line":27,"column":2},"end":{"line":34,"column":3}},"type":"if","locations":[{"start":{"line":27,"column":2},"end":{"line":34,"column":3}},{"start":{},"end":{}}],"line":27},"2":{"loc":{"start":{"line":36,"column":2},"end":{"line":43,"column":3}},"type":"if","locations":[{"start":{"line":36,"column":2},"end":{"line":43,"column":3}},{"start":{},"end":{}}],"line":36},"3":{"loc":{"start":{"line":37,"column":3},"end":{"line":38,"column":52}},"type":"binary-expr","locations":[{"start":{"line":37,"column":3},"end":{"line":37,"column":32}},{"start":{"line":38,"column":3},"end":{"line":38,"column":52}}],"line":37},"4":{"loc":{"start":{"line":45,"column":2},"end":{"line":89,"column":3}},"type":"if","locations":[{"start":{"line":45,"column":2},"end":{"line":89,"column":3}},{"start":{},"end":{}}],"line":45},"5":{"loc":{"start":{"line":46,"column":3},"end":{"line":48,"column":47}},"type":"binary-expr","locations":[{"start":{"line":46,"column":3},"end":{"line":46,"column":49}},{"start":{"line":47,"column":3},"end":{"line":47,"column":32}},{"start":{"line":48,"column":3},"end":{"line":48,"column":47}}],"line":46},"6":{"loc":{"start":{"line":52,"column":3},"end":{"line":55,"column":4}},"type":"if","locations":[{"start":{"line":52,"column":3},"end":{"line":55,"column":4}},{"start":{},"end":{}}],"line":52},"7":{"loc":{"start":{"line":57,"column":3},"end":{"line":88,"column":4}},"type":"if","locations":[{"start":{"line":57,"column":3},"end":{"line":88,"column":4}},{"start":{"line":85,"column":10},"end":{"line":88,"column":4}}],"line":57},"8":{"loc":{"start":{"line":64,"column":4},"end":{"line":84,"column":5}},"type":"if","locations":[{"start":{"line":64,"column":4},"end":{"line":84,"column":5}},{"start":{"line":81,"column":11},"end":{"line":84,"column":5}}],"line":64}},"s":{"0":8,"1":8,"2":8,"3":8,"4":8,"5":0,"6":0,"7":0,"8":0,"9":0,"10":0,"11":0,"12":0,"13":0,"14":0,"15":0,"16":0,"17":0,"18":0,"19":0,"20":0,"21":0,"22":0,"23":0,"24":0,"25":0,"26":0,"27":0,"28":0,"29":0,"30":0,"31":0,"32":0,"33":0,"34":0,"35":0},"f":{"0":0,"1":0,"2":0,"3":0},"b":{"0":[0,8],"1":[0,0],"2":[0,0],"3":[0,0],"4":[0,0],"5":[0,0,0],"6":[0,0],"7":[0,0],"8":[0,0]},"_coverageSchema":"1a1c01bbd47fc00a2c39e90264f33305004495a9","hash":"9ab3e8df369b484608208851e1b7d8b3515c0255"}
,"/Users/evanfannin/projects/Denny-BnB/frontend/src/auth/privateRoute.js": {"path":"/Users/evanfannin/projects/Denny-BnB/frontend/src/auth/privateRoute.js","statementMap":{"0":{"start":{"line":9,"column":4},"end":{"line":18,"column":6}},"1":{"start":{"line":11,"column":12},"end":{"line":16,"column":39}}},"fnMap":{"0":{"name":"PrivateRoute","decl":{"start":{"line":8,"column":24},"end":{"line":8,"column":36}},"loc":{"start":{"line":8,"column":72},"end":{"line":19,"column":1}},"line":8},"1":{"name":"(anonymous_1)","decl":{"start":{"line":10,"column":35},"end":{"line":10,"column":36}},"loc":{"start":{"line":10,"column":46},"end":{"line":17,"column":9}},"line":10}},"branchMap":{"0":{"loc":{"start":{"line":11,"column":19},"end":{"line":16,"column":38}},"type":"cond-expr","locations":[{"start":{"line":12,"column":14},"end":{"line":15,"column":17}},{"start":{"line":16,"column":14},"end":{"line":16,"column":38}}],"line":11}},"s":{"0":2,"1":2},"f":{"0":2,"1":2},"b":{"0":[1,1]},"_coverageSchema":"1a1c01bbd47fc00a2c39e90264f33305004495a9","hash":"80967bf3828e48e50000840ee50af7ad75b6c0d3"}
,"/Users/evanfannin/projects/Denny-BnB/frontend/src/components/button.js": {"path":"/Users/evanfannin/projects/Denny-BnB/frontend/src/components/button.js","statementMap":{"0":{"start":{"line":7,"column":19},"end":{"line":7,"column":42}},"1":{"start":{"line":9,"column":4},"end":{"line":23,"column":6}}},"fnMap":{"0":{"name":"Button","decl":{"start":{"line":6,"column":24},"end":{"line":6,"column":30}},"loc":{"start":{"line":6,"column":38},"end":{"line":24,"column":1}},"line":6}},"branchMap":{"0":{"loc":{"start":{"line":7,"column":19},"end":{"line":7,"column":42}},"type":"cond-expr","locations":[{"start":{"line":7,"column":30},"end":{"line":7,"column":34}},{"start":{"line":7,"column":37},"end":{"line":7,"column":42}}],"line":7},"1":{"loc":{"start":{"line":9,"column":11},"end":{"line":23,"column":5}},"type":"cond-expr","locations":[{"start":{"line":11,"column":8},"end":{"line":17,"column":14}},{"start":{"line":20,"column":8},"end":{"line":22,"column":17}}],"line":9}},"s":{"0":2,"1":2},"f":{"0":2},"b":{"0":[1,1],"1":[1,1]},"_coverageSchema":"1a1c01bbd47fc00a2c39e90264f33305004495a9","hash":"aa0d26ffdce340abab453669e27b1b4ddf63a02a"}
,"/Users/evanfannin/projects/Denny-BnB/frontend/src/components/cardLinkArea.js": {"path":"/Users/evanfannin/projects/Denny-BnB/frontend/src/components/cardLinkArea.js","statementMap":{"0":{"start":{"line":4,"column":4},"end":{"line":8,"column":6}}},"fnMap":{"0":{"name":"(anonymous_0)","decl":{"start":{"line":3,"column":15},"end":{"line":3,"column":16}},"loc":{"start":{"line":3,"column":31},"end":{"line":9,"column":1}},"line":3}},"branchMap":{},"s":{"0":2},"f":{"0":2},"b":{},"_coverageSchema":"1a1c01bbd47fc00a2c39e90264f33305004495a9","hash":"078dcad1a8fe7be424b516ee42b2d24a110c63bb"}
,"/Users/evanfannin/projects/Denny-BnB/frontend/src/components/contentCard.js": {"path":"/Users/evanfannin/projects/Denny-BnB/frontend/src/components/contentCard.js","statementMap":{"0":{"start":{"line":4,"column":22},"end":{"line":6,"column":27}},"1":{"start":{"line":7,"column":4},"end":{"line":11,"column":5}}},"fnMap":{"0":{"name":"ContentCard","decl":{"start":{"line":3,"column":24},"end":{"line":3,"column":35}},"loc":{"start":{"line":3,"column":43},"end":{"line":12,"column":1}},"line":3}},"branchMap":{"0":{"loc":{"start":{"line":4,"column":22},"end":{"line":6,"column":27}},"type":"cond-expr","locations":[{"start":{"line":5,"column":5},"end":{"line":5,"column":68}},{"start":{"line":6,"column":4},"end":{"line":6,"column":27}}],"line":4},"1":{"loc":{"start":{"line":5,"column":5},"end":{"line":5,"column":68}},"type":"cond-expr","locations":[{"start":{"line":5,"column":28},"end":{"line":5,"column":42}},{"start":{"line":5,"column":45},"end":{"line":5,"column":68}}],"line":5}},"s":{"0":3,"1":3},"f":{"0":3},"b":{"0":[2,1],"1":[2,0]},"_coverageSchema":"1a1c01bbd47fc00a2c39e90264f33305004495a9","hash":"6764471f4c5d0128fa244364032fa2a951047a8e"}
,"/Users/evanfannin/projects/Denny-BnB/frontend/src/components/imageCard.js": {"path":"/Users/evanfannin/projects/Denny-BnB/frontend/src/components/imageCard.js","statementMap":{"0":{"start":{"line":5,"column":4},"end":{"line":9,"column":5}}},"fnMap":{"0":{"name":"ImageCard","decl":{"start":{"line":4,"column":24},"end":{"line":4,"column":33}},"loc":{"start":{"line":4,"column":41},"end":{"line":10,"column":1}},"line":4}},"branchMap":{},"s":{"0":2},"f":{"0":2},"b":{},"_coverageSchema":"1a1c01bbd47fc00a2c39e90264f33305004495a9","hash":"4a766c130ef57756d4dd6bdcb9f29c80484d375d"}
,"/Users/evanfannin/projects/Denny-BnB/frontend/src/components/layoutContainer.js": {"path":"/Users/evanfannin/projects/Denny-BnB/frontend/src/components/layoutContainer.js","statementMap":{"0":{"start":{"line":4,"column":4},"end":{"line":8,"column":6}}},"fnMap":{"0":{"name":"(anonymous_0)","decl":{"start":{"line":3,"column":15},"end":{"line":3,"column":16}},"loc":{"start":{"line":3,"column":31},"end":{"line":9,"column":1}},"line":3}},"branchMap":{},"s":{"0":1},"f":{"0":1},"b":{},"_coverageSchema":"1a1c01bbd47fc00a2c39e90264f33305004495a9","hash":"9728ca8b4f7cd006cae84adb42221992f3d88685"}
,"/Users/evanfannin/projects/Denny-BnB/frontend/src/components/pageTitle.js": {"path":"/Users/evanfannin/projects/Denny-BnB/frontend/src/components/pageTitle.js","statementMap":{"0":{"start":{"line":5,"column":4},"end":{"line":20,"column":5}}},"fnMap":{"0":{"name":"PageTitle","decl":{"start":{"line":4,"column":24},"end":{"line":4,"column":33}},"loc":{"start":{"line":4,"column":41},"end":{"line":21,"column":1}},"line":4}},"branchMap":{"0":{"loc":{"start":{"line":5,"column":11},"end":{"line":20,"column":5}},"type":"cond-expr","locations":[{"start":{"line":6,"column":8},"end":{"line":13,"column":14}},{"start":{"line":15,"column":8},"end":{"line":19,"column":14}}],"line":5}},"s":{"0":2},"f":{"0":2},"b":{"0":[1,1]},"_coverageSchema":"1a1c01bbd47fc00a2c39e90264f33305004495a9","hash":"c3c99c10a63fac01a29066a881f7bc214f93b406"}
,"/Users/evanfannin/projects/Denny-BnB/frontend/src/helperFunctions/parseDateString.js": {"path":"/Users/evanfannin/projects/Denny-BnB/frontend/src/helperFunctions/parseDateString.js","statementMap":{"0":{"start":{"line":2,"column":23},"end":{"line":3,"column":69}},"1":{"start":{"line":4,"column":21},"end":{"line":4,"column":99}},"2":{"start":{"line":6,"column":21},"end":{"line":6,"column":44}},"3":{"start":{"line":7,"column":18},"end":{"line":7,"column":45}},"4":{"start":{"line":8,"column":16},"end":{"line":8,"column":41}},"5":{"start":{"line":13,"column":4},"end":{"line":15,"column":6}}},"fnMap":{"0":{"name":"parseDateString","decl":{"start":{"line":1,"column":24},"end":{"line":1,"column":39}},"loc":{"start":{"line":1,"column":46},"end":{"line":16,"column":1}},"line":1}},"branchMap":{},"s":{"0":9,"1":9,"2":9,"3":9,"4":9,"5":9},"f":{"0":9},"b":{},"_coverageSchema":"1a1c01bbd47fc00a2c39e90264f33305004495a9","hash":"41d65b29dd96cba7aa6aa9543131e3f1c478339d"}
,"/Users/evanfannin/projects/Denny-BnB/frontend/src/helperFunctions/parseImageString.js": {"path":"/Users/evanfannin/projects/Denny-BnB/frontend/src/helperFunctions/parseImageString.js","statementMap":{"0":{"start":{"line":4,"column":17},"end":{"line":4,"column":24}},"1":{"start":{"line":6,"column":4},"end":{"line":8,"column":5}},"2":{"start":{"line":7,"column":8},"end":{"line":7,"column":36}},"3":{"start":{"line":10,"column":22},"end":{"line":10,"column":35}},"4":{"start":{"line":11,"column":4},"end":{"line":11,"column":21}}},"fnMap":{"0":{"name":"parseImageString","decl":{"start":{"line":3,"column":24},"end":{"line":3,"column":40}},"loc":{"start":{"line":3,"column":49},"end":{"line":12,"column":1}},"line":3}},"branchMap":{"0":{"loc":{"start":{"line":6,"column":4},"end":{"line":8,"column":5}},"type":"if","locations":[{"start":{"line":6,"column":4},"end":{"line":8,"column":5}},{"start":{},"end":{}}],"line":6}},"s":{"0":2,"1":2,"2":0,"3":2,"4":2},"f":{"0":2},"b":{"0":[0,2]},"_coverageSchema":"1a1c01bbd47fc00a2c39e90264f33305004495a9","hash":"21c8ccb659c5e32d97f8d76d7c430dce6e9ae7e7"}
,"/Users/evanfannin/projects/Denny-BnB/frontend/src/pages/booking/bookingCalendar.js": {"path":"/Users/evanfannin/projects/Denny-BnB/frontend/src/pages/booking/bookingCalendar.js","statementMap":{"0":{"start":{"line":14,"column":8},"end":{"line":14,"column":21}},"1":{"start":{"line":15,"column":8},"end":{"line":21,"column":10}},"2":{"start":{"line":22,"column":8},"end":{"line":22,"column":46}},"3":{"start":{"line":26,"column":25},"end":{"line":26,"column":93}},"4":{"start":{"line":27,"column":21},"end":{"line":27,"column":34}},"5":{"start":{"line":28,"column":8},"end":{"line":28,"column":26}},"6":{"start":{"line":29,"column":8},"end":{"line":29,"column":71}},"7":{"start":{"line":33,"column":8},"end":{"line":36,"column":9}},"8":{"start":{"line":34,"column":12},"end":{"line":34,"column":64}},"9":{"start":{"line":35,"column":12},"end":{"line":35,"column":18}},"10":{"start":{"line":37,"column":8},"end":{"line":37,"column":76}},"11":{"start":{"line":58,"column":8},"end":{"line":71,"column":9}},"12":{"start":{"line":59,"column":12},"end":{"line":61,"column":28}},"13":{"start":{"line":64,"column":12},"end":{"line":70,"column":13}},"14":{"start":{"line":65,"column":16},"end":{"line":66,"column":48}},"15":{"start":{"line":69,"column":16},"end":{"line":69,"column":48}},"16":{"start":{"line":72,"column":8},"end":{"line":72,"column":59}},"17":{"start":{"line":76,"column":30},"end":{"line":89,"column":9}},"18":{"start":{"line":91,"column":8},"end":{"line":91,"column":47}},"19":{"start":{"line":95,"column":28},"end":{"line":95,"column":30}},"20":{"start":{"line":96,"column":8},"end":{"line":109,"column":9}},"21":{"start":{"line":96,"column":21},"end":{"line":96,"column":22}},"22":{"start":{"line":97,"column":30},"end":{"line":97,"column":61}},"23":{"start":{"line":98,"column":28},"end":{"line":98,"column":57}},"24":{"start":{"line":99,"column":27},"end":{"line":99,"column":56}},"25":{"start":{"line":100,"column":32},"end":{"line":100,"column":34}},"26":{"start":{"line":101,"column":12},"end":{"line":101,"column":40}},"27":{"start":{"line":103,"column":12},"end":{"line":107,"column":13}},"28":{"start":{"line":104,"column":16},"end":{"line":104,"column":57}},"29":{"start":{"line":105,"column":29},"end":{"line":105,"column":57}},"30":{"start":{"line":106,"column":16},"end":{"line":106,"column":39}},"31":{"start":{"line":108,"column":12},"end":{"line":108,"column":45}},"32":{"start":{"line":111,"column":8},"end":{"line":113,"column":16}},"33":{"start":{"line":112,"column":16},"end":{"line":112,"column":29}},"34":{"start":{"line":117,"column":29},"end":{"line":123,"column":16}},"35":{"start":{"line":118,"column":16},"end":{"line":121,"column":17}},"36":{"start":{"line":118,"column":29},"end":{"line":118,"column":30}},"37":{"start":{"line":119,"column":39},"end":{"line":119,"column":66}},"38":{"start":{"line":120,"column":20},"end":{"line":120,"column":72}},"39":{"start":{"line":120,"column":52},"end":{"line":120,"column":72}},"40":{"start":{"line":122,"column":16},"end":{"line":122,"column":27}},"41":{"start":{"line":124,"column":8},"end":{"line":124,"column":30}},"42":{"start":{"line":149,"column":19},"end":{"line":171,"column":5}},"43":{"start":{"line":150,"column":8},"end":{"line":152,"column":9}},"44":{"start":{"line":151,"column":12},"end":{"line":151,"column":24}},"45":{"start":{"line":154,"column":8},"end":{"line":162,"column":9}},"46":{"start":{"line":154,"column":21},"end":{"line":154,"column":22}},"47":{"start":{"line":155,"column":31},"end":{"line":155,"column":58}},"48":{"start":{"line":157,"column":12},"end":{"line":161,"column":13}},"49":{"start":{"line":160,"column":16},"end":{"line":160,"column":28}},"50":{"start":{"line":163,"column":8},"end":{"line":163,"column":21}},"51":{"start":{"line":174,"column":8},"end":{"line":190,"column":9}},"52":{"start":{"line":181,"column":50},"end":{"line":181,"column":83}},"53":{"start":{"line":185,"column":35},"end":{"line":185,"column":59}}},"fnMap":{"0":{"name":"(anonymous_0)","decl":{"start":{"line":13,"column":4},"end":{"line":13,"column":5}},"loc":{"start":{"line":13,"column":23},"end":{"line":23,"column":5}},"line":13},"1":{"name":"(anonymous_1)","decl":{"start":{"line":25,"column":4},"end":{"line":25,"column":5}},"loc":{"start":{"line":25,"column":30},"end":{"line":30,"column":5}},"line":25},"2":{"name":"(anonymous_2)","decl":{"start":{"line":32,"column":4},"end":{"line":32,"column":5}},"loc":{"start":{"line":32,"column":24},"end":{"line":55,"column":5}},"line":32},"3":{"name":"(anonymous_3)","decl":{"start":{"line":57,"column":4},"end":{"line":57,"column":5}},"loc":{"start":{"line":57,"column":33},"end":{"line":73,"column":5}},"line":57},"4":{"name":"(anonymous_4)","decl":{"start":{"line":75,"column":4},"end":{"line":75,"column":5}},"loc":{"start":{"line":75,"column":23},"end":{"line":92,"column":5}},"line":75},"5":{"name":"(anonymous_5)","decl":{"start":{"line":94,"column":4},"end":{"line":94,"column":5}},"loc":{"start":{"line":94,"column":30},"end":{"line":114,"column":5}},"line":94},"6":{"name":"(anonymous_6)","decl":{"start":{"line":111,"column":33},"end":{"line":111,"column":34}},"loc":{"start":{"line":111,"column":43},"end":{"line":113,"column":13}},"line":111},"7":{"name":"(anonymous_7)","decl":{"start":{"line":116,"column":4},"end":{"line":116,"column":5}},"loc":{"start":{"line":116,"column":35},"end":{"line":125,"column":5}},"line":116},"8":{"name":"(anonymous_8)","decl":{"start":{"line":117,"column":30},"end":{"line":117,"column":31}},"loc":{"start":{"line":117,"column":36},"end":{"line":123,"column":13}},"line":117},"9":{"name":"(anonymous_9)","decl":{"start":{"line":149,"column":19},"end":{"line":149,"column":20}},"loc":{"start":{"line":149,"column":54},"end":{"line":171,"column":5}},"line":149},"10":{"name":"(anonymous_10)","decl":{"start":{"line":173,"column":4},"end":{"line":173,"column":5}},"loc":{"start":{"line":173,"column":13},"end":{"line":191,"column":5}},"line":173},"11":{"name":"(anonymous_11)","decl":{"start":{"line":181,"column":32},"end":{"line":181,"column":33}},"loc":{"start":{"line":181,"column":50},"end":{"line":181,"column":83}},"line":181},"12":{"name":"(anonymous_12)","decl":{"start":{"line":185,"column":29},"end":{"line":185,"column":30}},"loc":{"start":{"line":185,"column":35},"end":{"line":185,"column":59}},"line":185}},"branchMap":{"0":{"loc":{"start":{"line":33,"column":8},"end":{"line":36,"column":9}},"type":"if","locations":[{"start":{"line":33,"column":8},"end":{"line":36,"column":9}},{"start":{},"end":{}}],"line":33},"1":{"loc":{"start":{"line":33,"column":12},"end":{"line":33,"column":72}},"type":"binary-expr","locations":[{"start":{"line":33,"column":12},"end":{"line":33,"column":41}},{"start":{"line":33,"column":45},"end":{"line":33,"column":72}}],"line":33},"2":{"loc":{"start":{"line":58,"column":8},"end":{"line":71,"column":9}},"type":"if","locations":[{"start":{"line":58,"column":8},"end":{"line":71,"column":9}},{"start":{"line":63,"column":13},"end":{"line":71,"column":9}}],"line":58},"3":{"loc":{"start":{"line":64,"column":12},"end":{"line":70,"column":13}},"type":"if","locations":[{"start":{"line":64,"column":12},"end":{"line":70,"column":13}},{"start":{"line":68,"column":17},"end":{"line":70,"column":13}}],"line":64},"4":{"loc":{"start":{"line":64,"column":16},"end":{"line":64,"column":86}},"type":"binary-expr","locations":[{"start":{"line":64,"column":16},"end":{"line":64,"column":49}},{"start":{"line":64,"column":53},"end":{"line":64,"column":86}}],"line":64},"5":{"loc":{"start":{"line":120,"column":20},"end":{"line":120,"column":72}},"type":"if","locations":[{"start":{"line":120,"column":20},"end":{"line":120,"column":72}},{"start":{},"end":{}}],"line":120},"6":{"loc":{"start":{"line":150,"column":8},"end":{"line":152,"column":9}},"type":"if","locations":[{"start":{"line":150,"column":8},"end":{"line":152,"column":9}},{"start":{},"end":{}}],"line":150},"7":{"loc":{"start":{"line":157,"column":12},"end":{"line":161,"column":13}},"type":"if","locations":[{"start":{"line":157,"column":12},"end":{"line":161,"column":13}},{"start":{},"end":{}}],"line":157},"8":{"loc":{"start":{"line":157,"column":16},"end":{"line":159,"column":52}},"type":"binary-expr","locations":[{"start":{"line":157,"column":16},"end":{"line":157,"column":64}},{"start":{"line":158,"column":12},"end":{"line":158,"column":56}},{"start":{"line":159,"column":12},"end":{"line":159,"column":52}}],"line":157}},"s":{"0":11,"1":11,"2":11,"3":11,"4":1,"5":1,"6":1,"7":2,"8":1,"9":1,"10":1,"11":3,"12":1,"13":2,"14":1,"15":1,"16":3,"17":1,"18":1,"19":1,"20":1,"21":1,"22":3,"23":3,"24":3,"25":3,"26":3,"27":3,"28":3,"29":3,"30":3,"31":3,"32":1,"33":10,"34":2,"35":2,"36":2,"37":9,"38":9,"39":1,"40":1,"41":2,"42":11,"43":3,"44":1,"45":2,"46":2,"47":2,"48":2,"49":1,"50":1,"51":22,"52":0,"53":2},"f":{"0":11,"1":11,"2":2,"3":3,"4":1,"5":1,"6":10,"7":2,"8":2,"9":3,"10":22,"11":0,"12":2},"b":{"0":[1,1],"1":[2,1],"2":[1,2],"3":[1,1],"4":[2,1],"5":[1,8],"6":[1,2],"7":[1,1],"8":[2,2,2]},"_coverageSchema":"1a1c01bbd47fc00a2c39e90264f33305004495a9","hash":"1bcc8681d6984c2a78fe5a99ea26984a3bbccded"}
,"/Users/evanfannin/projects/Denny-BnB/frontend/src/pages/booking/bookingCard.js": {"path":"/Users/evanfannin/projects/Denny-BnB/frontend/src/pages/booking/bookingCard.js","statementMap":{"0":{"start":{"line":9,"column":20},"end":{"line":9,"column":32}},"1":{"start":{"line":11,"column":24},"end":{"line":13,"column":5}},"2":{"start":{"line":12,"column":8},"end":{"line":12,"column":57}},"3":{"start":{"line":14,"column":4},"end":{"line":28,"column":6}}},"fnMap":{"0":{"name":"BookingCard","decl":{"start":{"line":8,"column":24},"end":{"line":8,"column":35}},"loc":{"start":{"line":8,"column":43},"end":{"line":29,"column":1}},"line":8},"1":{"name":"(anonymous_1)","decl":{"start":{"line":11,"column":24},"end":{"line":11,"column":25}},"loc":{"start":{"line":11,"column":31},"end":{"line":13,"column":5}},"line":11}},"branchMap":{},"s":{"0":2,"1":2,"2":1,"3":2},"f":{"0":2,"1":1},"b":{},"_coverageSchema":"1a1c01bbd47fc00a2c39e90264f33305004495a9","hash":"c9a84a3b7ce86eda0a8df4c396140794a6b06009"}
,"/Users/evanfannin/projects/Denny-BnB/frontend/src/pages/booking/bookingDetail.js": {"path":"/Users/evanfannin/projects/Denny-BnB/frontend/src/pages/booking/bookingDetail.js","statementMap":{"0":{"start":{"line":14,"column":37},"end":{"line":20,"column":6}},"1":{"start":{"line":22,"column":19},"end":{"line":22,"column":30}},"2":{"start":{"line":24,"column":4},"end":{"line":43,"column":11}},"3":{"start":{"line":26,"column":12},"end":{"line":39,"column":13}},"4":{"start":{"line":27,"column":33},"end":{"line":27,"column":86}},"5":{"start":{"line":28,"column":29},"end":{"line":28,"column":42}},"6":{"start":{"line":29,"column":16},"end":{"line":35,"column":19}},"7":{"start":{"line":38,"column":16},"end":{"line":38,"column":35}},"8":{"start":{"line":42,"column":8},"end":{"line":42,"column":20}},"9":{"start":{"line":45,"column":24},"end":{"line":47,"column":12}},"10":{"start":{"line":48,"column":25},"end":{"line":50,"column":12}},"11":{"start":{"line":52,"column":4},"end":{"line":75,"column":5}}},"fnMap":{"0":{"name":"BookingDetail","decl":{"start":{"line":13,"column":24},"end":{"line":13,"column":37}},"loc":{"start":{"line":13,"column":45},"end":{"line":76,"column":1}},"line":13},"1":{"name":"(anonymous_1)","decl":{"start":{"line":24,"column":14},"end":{"line":24,"column":15}},"loc":{"start":{"line":24,"column":20},"end":{"line":43,"column":5}},"line":24},"2":{"name":"fetchData","decl":{"start":{"line":25,"column":23},"end":{"line":25,"column":32}},"loc":{"start":{"line":25,"column":35},"end":{"line":40,"column":9}},"line":25}},"branchMap":{"0":{"loc":{"start":{"line":45,"column":24},"end":{"line":47,"column":12}},"type":"cond-expr","locations":[{"start":{"line":46,"column":8},"end":{"line":46,"column":42}},{"start":{"line":47,"column":8},"end":{"line":47,"column":12}}],"line":45},"1":{"loc":{"start":{"line":48,"column":25},"end":{"line":50,"column":12}},"type":"cond-expr","locations":[{"start":{"line":49,"column":8},"end":{"line":49,"column":40}},{"start":{"line":50,"column":8},"end":{"line":50,"column":12}}],"line":48}},"s":{"0":3,"1":3,"2":3,"3":2,"4":2,"5":1,"6":1,"7":1,"8":2,"9":3,"10":3,"11":3},"f":{"0":3,"1":2,"2":2},"b":{"0":[1,2],"1":[1,2]},"_coverageSchema":"1a1c01bbd47fc00a2c39e90264f33305004495a9","hash":"a20d3707db6197495f5ee71eecf623d7a87db2f0"}
,"/Users/evanfannin/projects/Denny-BnB/frontend/src/pages/booking/reservationPage.js": {"path":"/Users/evanfannin/projects/Denny-BnB/frontend/src/pages/booking/reservationPage.js","statementMap":{"0":{"start":{"line":19,"column":8},"end":{"line":19,"column":21}},"1":{"start":{"line":23,"column":8},"end":{"line":23,"column":27}},"2":{"start":{"line":25,"column":25},"end":{"line":25,"column":39}},"3":{"start":{"line":26,"column":8},"end":{"line":26,"column":75}},"4":{"start":{"line":27,"column":8},"end":{"line":27,"column":71}},"5":{"start":{"line":28,"column":8},"end":{"line":28,"column":88}},"6":{"start":{"line":29,"column":8},"end":{"line":29,"column":70}},"7":{"start":{"line":30,"column":8},"end":{"line":30,"column":74}},"8":{"start":{"line":32,"column":8},"end":{"line":38,"column":9}},"9":{"start":{"line":33,"column":29},"end":{"line":33,"column":82}},"10":{"start":{"line":34,"column":12},"end":{"line":34,"column":54}},"11":{"start":{"line":37,"column":12},"end":{"line":37,"column":31}},"12":{"start":{"line":42,"column":28},"end":{"line":42,"column":80}},"13":{"start":{"line":43,"column":29},"end":{"line":43,"column":79}},"14":{"start":{"line":45,"column":8},"end":{"line":76,"column":10}},"15":{"start":{"line":69,"column":84},"end":{"line":69,"column":104}}},"fnMap":{"0":{"name":"(anonymous_0)","decl":{"start":{"line":18,"column":4},"end":{"line":18,"column":5}},"loc":{"start":{"line":18,"column":23},"end":{"line":20,"column":5}},"line":18},"1":{"name":"(anonymous_1)","decl":{"start":{"line":22,"column":4},"end":{"line":22,"column":5}},"loc":{"start":{"line":22,"column":26},"end":{"line":39,"column":5}},"line":22},"2":{"name":"(anonymous_2)","decl":{"start":{"line":41,"column":4},"end":{"line":41,"column":5}},"loc":{"start":{"line":41,"column":13},"end":{"line":77,"column":5}},"line":41},"3":{"name":"(anonymous_3)","decl":{"start":{"line":69,"column":77},"end":{"line":69,"column":78}},"loc":{"start":{"line":69,"column":84},"end":{"line":69,"column":104}},"line":69}},"branchMap":{},"s":{"0":3,"1":2,"2":2,"3":2,"4":2,"5":2,"6":2,"7":2,"8":2,"9":2,"10":1,"11":1,"12":3,"13":3,"14":3,"15":2},"f":{"0":3,"1":2,"2":3,"3":2},"b":{},"_coverageSchema":"1a1c01bbd47fc00a2c39e90264f33305004495a9","hash":"655274871803e0276f3d7d17dbb0e487a8411d86"}
,"/Users/evanfannin/projects/Denny-BnB/frontend/src/pages/booking/userBookings.js": {"path":"/Users/evanfannin/projects/Denny-BnB/frontend/src/pages/booking/userBookings.js","statementMap":{"0":{"start":{"line":9,"column":39},"end":{"line":9,"column":51}},"1":{"start":{"line":10,"column":35},"end":{"line":10,"column":50}},"2":{"start":{"line":12,"column":4},"end":{"line":25,"column":11}},"3":{"start":{"line":14,"column":12},"end":{"line":21,"column":13}},"4":{"start":{"line":15,"column":33},"end":{"line":15,"column":78}},"5":{"start":{"line":16,"column":16},"end":{"line":16,"column":46}},"6":{"start":{"line":17,"column":16},"end":{"line":17,"column":35}},"7":{"start":{"line":20,"column":16},"end":{"line":20,"column":35}},"8":{"start":{"line":24,"column":8},"end":{"line":24,"column":20}},"9":{"start":{"line":29,"column":4},"end":{"line":49,"column":6}},"10":{"start":{"line":39,"column":20},"end":{"line":45,"column":22}}},"fnMap":{"0":{"name":"UserBookings","decl":{"start":{"line":8,"column":24},"end":{"line":8,"column":36}},"loc":{"start":{"line":8,"column":44},"end":{"line":50,"column":1}},"line":8},"1":{"name":"(anonymous_1)","decl":{"start":{"line":12,"column":14},"end":{"line":12,"column":15}},"loc":{"start":{"line":12,"column":20},"end":{"line":25,"column":5}},"line":12},"2":{"name":"fetchData","decl":{"start":{"line":13,"column":23},"end":{"line":13,"column":32}},"loc":{"start":{"line":13,"column":35},"end":{"line":22,"column":9}},"line":13},"3":{"name":"(anonymous_3)","decl":{"start":{"line":38,"column":33},"end":{"line":38,"column":34}},"loc":{"start":{"line":39,"column":20},"end":{"line":45,"column":22}},"line":39}},"branchMap":{"0":{"loc":{"start":{"line":29,"column":11},"end":{"line":49,"column":5}},"type":"cond-expr","locations":[{"start":{"line":30,"column":8},"end":{"line":30,"column":23}},{"start":{"line":33,"column":8},"end":{"line":48,"column":22}}],"line":29},"1":{"loc":{"start":{"line":29,"column":11},"end":{"line":29,"column":40}},"type":"binary-expr","locations":[{"start":{"line":29,"column":11},"end":{"line":29,"column":17}},{"start":{"line":29,"column":21},"end":{"line":29,"column":40}}],"line":29},"2":{"loc":{"start":{"line":35,"column":17},"end":{"line":47,"column":17}},"type":"cond-expr","locations":[{"start":{"line":36,"column":17},"end":{"line":36,"column":30}},{"start":{"line":38,"column":20},"end":{"line":46,"column":22}}],"line":35},"3":{"loc":{"start":{"line":35,"column":17},"end":{"line":35,"column":46}},"type":"binary-expr","locations":[{"start":{"line":35,"column":17},"end":{"line":35,"column":23}},{"start":{"line":35,"column":27},"end":{"line":35,"column":46}}],"line":35}},"s":{"0":3,"1":3,"2":3,"3":1,"4":1,"5":1,"6":1,"7":0,"8":1,"9":3,"10":2},"f":{"0":3,"1":1,"2":1,"3":2},"b":{"0":[0,3],"1":[3,1],"2":[0,3],"3":[3,1]},"_coverageSchema":"1a1c01bbd47fc00a2c39e90264f33305004495a9","hash":"1d96832704c102f49853046c2251d9793fbdfc5d"}
,"/Users/evanfannin/projects/Denny-BnB/frontend/src/pages/general/homePage.js": {"path":"/Users/evanfannin/projects/Denny-BnB/frontend/src/pages/general/homePage.js","statementMap":{"0":{"start":{"line":13,"column":31},"end":{"line":13,"column":68}},"1":{"start":{"line":14,"column":33},"end":{"line":16,"column":5}},"2":{"start":{"line":18,"column":4},"end":{"line":34,"column":6}}},"fnMap":{"0":{"name":"HomePage","decl":{"start":{"line":12,"column":24},"end":{"line":12,"column":32}},"loc":{"start":{"line":12,"column":35},"end":{"line":35,"column":1}},"line":12}},"branchMap":{},"s":{"0":1,"1":1,"2":1},"f":{"0":1},"b":{},"_coverageSchema":"1a1c01bbd47fc00a2c39e90264f33305004495a9","hash":"3e19706ed7f7e9ab9e2df1612dffe84ca286e86a"}
,"/Users/evanfannin/projects/Denny-BnB/frontend/src/pages/general/mainContent.js": {"path":"/Users/evanfannin/projects/Denny-BnB/frontend/src/pages/general/mainContent.js","statementMap":{"0":{"start":{"line":6,"column":4},"end":{"line":10,"column":6}}},"fnMap":{"0":{"name":"MainContent","decl":{"start":{"line":5,"column":24},"end":{"line":5,"column":35}},"loc":{"start":{"line":5,"column":43},"end":{"line":11,"column":1}},"line":5}},"branchMap":{},"s":{"0":1},"f":{"0":1},"b":{},"_coverageSchema":"1a1c01bbd47fc00a2c39e90264f33305004495a9","hash":"64ac924142f4309a4b4584bf84180f1058a02374"}
,"/Users/evanfannin/projects/Denny-BnB/frontend/src/pages/house/houseCard.js": {"path":"/Users/evanfannin/projects/Denny-BnB/frontend/src/pages/house/houseCard.js","statementMap":{"0":{"start":{"line":9,"column":20},"end":{"line":9,"column":32}},"1":{"start":{"line":11,"column":24},"end":{"line":13,"column":5}},"2":{"start":{"line":12,"column":8},"end":{"line":12,"column":45}},"3":{"start":{"line":15,"column":4},"end":{"line":29,"column":6}}},"fnMap":{"0":{"name":"HouseCard","decl":{"start":{"line":8,"column":24},"end":{"line":8,"column":33}},"loc":{"start":{"line":8,"column":41},"end":{"line":30,"column":1}},"line":8},"1":{"name":"(anonymous_1)","decl":{"start":{"line":11,"column":24},"end":{"line":11,"column":25}},"loc":{"start":{"line":11,"column":30},"end":{"line":13,"column":5}},"line":11}},"branchMap":{},"s":{"0":0,"1":0,"2":0,"3":0},"f":{"0":0,"1":0},"b":{},"_coverageSchema":"1a1c01bbd47fc00a2c39e90264f33305004495a9","hash":"cc8e57f1eca1af68e2cfbe5cd079806f093e1e7c"}
,"/Users/evanfannin/projects/Denny-BnB/frontend/src/pages/house/houseDetail.js": {"path":"/Users/evanfannin/projects/Denny-BnB/frontend/src/pages/house/houseDetail.js","statementMap":{"0":{"start":{"line":16,"column":8},"end":{"line":16,"column":21}},"1":{"start":{"line":17,"column":8},"end":{"line":25,"column":9}},"2":{"start":{"line":26,"column":8},"end":{"line":26,"column":59}},"3":{"start":{"line":30,"column":25},"end":{"line":30,"column":85}},"4":{"start":{"line":31,"column":21},"end":{"line":31,"column":34}},"5":{"start":{"line":32,"column":8},"end":{"line":32,"column":35}},"6":{"start":{"line":33,"column":8},"end":{"line":39,"column":11}},"7":{"start":{"line":43,"column":8},"end":{"line":46,"column":81}},"8":{"start":{"line":46,"column":17},"end":{"line":46,"column":79}},"9":{"start":{"line":50,"column":27},"end":{"line":50,"column":29}},"10":{"start":{"line":51,"column":8},"end":{"line":55,"column":9}},"11":{"start":{"line":51,"column":21},"end":{"line":51,"column":22}},"12":{"start":{"line":52,"column":30},"end":{"line":52,"column":53}},"13":{"start":{"line":53,"column":12},"end":{"line":53,"column":56}},"14":{"start":{"line":54,"column":12},"end":{"line":54,"column":43}},"15":{"start":{"line":56,"column":8},"end":{"line":56,"column":27}},"16":{"start":{"line":60,"column":8},"end":{"line":62,"column":9}},"17":{"start":{"line":61,"column":12},"end":{"line":61,"column":31}},"18":{"start":{"line":63,"column":21},"end":{"line":63,"column":23}},"19":{"start":{"line":64,"column":8},"end":{"line":66,"column":9}},"20":{"start":{"line":64,"column":21},"end":{"line":64,"column":22}},"21":{"start":{"line":65,"column":12},"end":{"line":65,"column":52}},"22":{"start":{"line":67,"column":8},"end":{"line":102,"column":10}},"23":{"start":{"line":97,"column":64},"end":{"line":97,"column":112}}},"fnMap":{"0":{"name":"(anonymous_0)","decl":{"start":{"line":15,"column":4},"end":{"line":15,"column":5}},"loc":{"start":{"line":15,"column":23},"end":{"line":27,"column":5}},"line":15},"1":{"name":"(anonymous_1)","decl":{"start":{"line":29,"column":4},"end":{"line":29,"column":5}},"loc":{"start":{"line":29,"column":30},"end":{"line":40,"column":5}},"line":29},"2":{"name":"(anonymous_2)","decl":{"start":{"line":42,"column":4},"end":{"line":42,"column":5}},"loc":{"start":{"line":42,"column":48},"end":{"line":47,"column":5}},"line":42},"3":{"name":"(anonymous_3)","decl":{"start":{"line":46,"column":11},"end":{"line":46,"column":12}},"loc":{"start":{"line":46,"column":17},"end":{"line":46,"column":79}},"line":46},"4":{"name":"(anonymous_4)","decl":{"start":{"line":49,"column":4},"end":{"line":49,"column":5}},"loc":{"start":{"line":49,"column":29},"end":{"line":57,"column":5}},"line":49},"5":{"name":"(anonymous_5)","decl":{"start":{"line":59,"column":4},"end":{"line":59,"column":5}},"loc":{"start":{"line":59,"column":13},"end":{"line":103,"column":5}},"line":59},"6":{"name":"(anonymous_6)","decl":{"start":{"line":97,"column":40},"end":{"line":97,"column":41}},"loc":{"start":{"line":97,"column":64},"end":{"line":97,"column":112}},"line":97}},"branchMap":{"0":{"loc":{"start":{"line":60,"column":8},"end":{"line":62,"column":9}},"type":"if","locations":[{"start":{"line":60,"column":8},"end":{"line":62,"column":9}},{"start":{},"end":{}}],"line":60}},"s":{"0":3,"1":3,"2":3,"3":1,"4":1,"5":1,"6":1,"7":1,"8":1,"9":1,"10":1,"11":1,"12":2,"13":2,"14":2,"15":1,"16":5,"17":4,"18":1,"19":1,"20":1,"21":2,"22":1,"23":0},"f":{"0":3,"1":1,"2":1,"3":1,"4":1,"5":5,"6":0},"b":{"0":[4,1]},"_coverageSchema":"1a1c01bbd47fc00a2c39e90264f33305004495a9","hash":"78d784094a3ebd0afe85b95790ba8857eb4923c6"}
,"/Users/evanfannin/projects/Denny-BnB/frontend/src/pages/house/houseList.js": {"path":"/Users/evanfannin/projects/Denny-BnB/frontend/src/pages/house/houseList.js","statementMap":{"0":{"start":{"line":12,"column":8},"end":{"line":12,"column":21}},"1":{"start":{"line":13,"column":8},"end":{"line":15,"column":10}},"2":{"start":{"line":19,"column":25},"end":{"line":19,"column":63}},"3":{"start":{"line":20,"column":8},"end":{"line":22,"column":11}},"4":{"start":{"line":26,"column":27},"end":{"line":26,"column":29}},"5":{"start":{"line":27,"column":8},"end":{"line":31,"column":9}},"6":{"start":{"line":27,"column":21},"end":{"line":27,"column":22}},"7":{"start":{"line":28,"column":30},"end":{"line":28,"column":53}},"8":{"start":{"line":29,"column":12},"end":{"line":29,"column":56}},"9":{"start":{"line":30,"column":12},"end":{"line":30,"column":43}},"10":{"start":{"line":32,"column":8},"end":{"line":32,"column":28}},"11":{"start":{"line":36,"column":8},"end":{"line":48,"column":10}},"12":{"start":{"line":40,"column":16},"end":{"line":45,"column":18}}},"fnMap":{"0":{"name":"(anonymous_0)","decl":{"start":{"line":11,"column":4},"end":{"line":11,"column":5}},"loc":{"start":{"line":11,"column":23},"end":{"line":16,"column":5}},"line":11},"1":{"name":"(anonymous_1)","decl":{"start":{"line":18,"column":4},"end":{"line":18,"column":5}},"loc":{"start":{"line":18,"column":30},"end":{"line":23,"column":5}},"line":18},"2":{"name":"(anonymous_2)","decl":{"start":{"line":25,"column":4},"end":{"line":25,"column":5}},"loc":{"start":{"line":25,"column":29},"end":{"line":33,"column":5}},"line":25},"3":{"name":"(anonymous_3)","decl":{"start":{"line":35,"column":4},"end":{"line":35,"column":5}},"loc":{"start":{"line":35,"column":13},"end":{"line":49,"column":5}},"line":35},"4":{"name":"(anonymous_4)","decl":{"start":{"line":39,"column":35},"end":{"line":39,"column":36}},"loc":{"start":{"line":40,"column":16},"end":{"line":45,"column":18}},"line":40}},"branchMap":{},"s":{"0":1,"1":1,"2":1,"3":1,"4":1,"5":1,"6":1,"7":0,"8":0,"9":0,"10":0,"11":2,"12":1},"f":{"0":1,"1":1,"2":1,"3":2,"4":1},"b":{},"_coverageSchema":"1a1c01bbd47fc00a2c39e90264f33305004495a9","hash":"987037a4fa1b7231465ce7227a261b451a9c6e02"}
}
