TN:
SF:styleMock.js
FNF:0
FNH:0
DA:1,9
LF:1
LH:1
BRF:0
BRH:0
end_of_record
TN:
SF:src/axios.js
FN:19,(anonymous_0)
FN:22,(anonymous_1)
FN:65,(anonymous_2)
FN:76,(anonymous_3)
FNF:4
FNH:0
FNDA:0,(anonymous_0)
FNDA:0,(anonymous_1)
FNDA:0,(anonymous_2)
FNDA:0,(anonymous_3)
DA:4,4
DA:6,4
DA:18,4
DA:20,0
DA:23,0
DA:25,0
DA:26,0
DA:31,0
DA:34,0
DA:38,0
DA:39,0
DA:40,0
DA:43,0
DA:48,0
DA:50,0
DA:51,0
DA:52,0
DA:55,0
DA:56,0
DA:59,0
DA:60,0
DA:62,0
DA:63,0
DA:66,0
DA:67,0
DA:69,0
DA:71,0
DA:74,0
DA:77,0
DA:80,0
DA:81,0
DA:84,0
DA:85,0
DA:90,0
LF:34
LH:3
BRDA:10,0,0,0
BRDA:10,0,1,4
BRDA:25,1,0,0
BRDA:25,1,1,0
BRDA:34,2,0,0
BRDA:34,2,1,0
BRDA:35,3,0,0
BRDA:35,3,1,0
BRDA:43,4,0,0
BRDA:43,4,1,0
BRDA:44,5,0,0
BRDA:44,5,1,0
BRDA:44,5,2,0
BRDA:50,6,0,0
BRDA:50,6,1,0
BRDA:55,7,0,0
BRDA:55,7,1,0
BRDA:62,8,0,0
BRDA:62,8,1,0
BRF:19
BRH:1
end_of_record
TN:
SF:src/auth/privateRoute.js
FN:8,PrivateRoute
FN:10,(anonymous_1)
FNF:2
FNH:2
FNDA:2,PrivateRoute
FNDA:2,(anonymous_1)
DA:9,2
DA:11,2
LF:2
LH:2
BRDA:11,0,0,1
BRDA:11,0,1,1
BRF:2
BRH:2
end_of_record
TN:
SF:src/components/button.js
FN:6,Button
FNF:1
FNH:1
FNDA:2,Button
DA:7,2
DA:9,2
LF:2
LH:2
BRDA:7,0,0,1
BRDA:7,0,1,1
BRDA:9,1,0,1
BRDA:9,1,1,1
BRF:4
BRH:4
end_of_record
TN:
SF:src/components/cardLinkArea.js
FN:3,(anonymous_0)
FNF:1
FNH:1
FNDA:2,(anonymous_0)
DA:4,2
LF:1
LH:1
BRF:0
BRH:0
end_of_record
TN:
SF:src/components/contentCard.js
FN:3,ContentCard
FNF:1
FNH:1
FNDA:3,ContentCard
DA:4,3
DA:7,3
LF:2
LH:2
BRDA:4,0,0,2
BRDA:4,0,1,1
BRDA:5,1,0,2
BRDA:5,1,1,0
BRF:4
BRH:3
end_of_record
TN:
SF:src/components/imageCard.js
FN:4,ImageCard
FNF:1
FNH:1
FNDA:2,ImageCard
DA:5,2
LF:1
LH:1
BRF:0
BRH:0
end_of_record
TN:
SF:src/components/layoutContainer.js
FN:3,(anonymous_0)
FNF:1
FNH:1
FNDA:1,(anonymous_0)
DA:4,1
LF:1
LH:1
BRF:0
BRH:0
end_of_record
TN:
SF:src/components/pageTitle.js
FN:4,PageTitle
FNF:1
FNH:1
FNDA:2,PageTitle
DA:5,2
LF:1
LH:1
BRDA:5,0,0,1
BRDA:5,0,1,1
BRF:2
BRH:2
end_of_record
TN:
SF:src/helperFunctions/parseDateString.js
FN:1,parseDateString
FNF:1
FNH:1
FNDA:9,parseDateString
DA:2,9
DA:4,9
DA:6,9
DA:7,9
DA:8,9
DA:13,9
LF:6
LH:6
BRF:0
BRH:0
end_of_record
TN:
SF:src/pages/booking/bookingCalendar.js
FN:14,(anonymous_0)
FN:26,(anonymous_1)
FN:33,(anonymous_2)
FN:58,(anonymous_3)
FN:76,(anonymous_4)
FN:95,(anonymous_5)
FN:112,(anonymous_6)
FN:117,(anonymous_7)
FN:118,(anonymous_8)
FN:150,(anonymous_9)
FN:174,(anonymous_10)
FN:183,(anonymous_11)
FN:187,(anonymous_12)
FNF:13
FNH:12
FNDA:11,(anonymous_0)
FNDA:11,(anonymous_1)
FNDA:2,(anonymous_2)
FNDA:3,(anonymous_3)
FNDA:1,(anonymous_4)
FNDA:1,(anonymous_5)
FNDA:10,(anonymous_6)
FNDA:2,(anonymous_7)
FNDA:2,(anonymous_8)
FNDA:3,(anonymous_9)
FNDA:22,(anonymous_10)
FNDA:0,(anonymous_11)
FNDA:2,(anonymous_12)
DA:15,11
DA:16,11
DA:23,11
DA:27,11
DA:28,1
DA:29,1
DA:30,1
DA:34,2
DA:35,1
DA:36,1
DA:38,1
DA:59,3
DA:60,1
DA:65,2
DA:66,1
DA:70,1
DA:73,3
DA:77,1
DA:92,1
DA:96,1
DA:97,1
DA:98,3
DA:99,3
DA:100,3
DA:101,3
DA:102,3
DA:104,3
DA:105,3
DA:106,3
DA:107,3
DA:109,3
DA:112,1
DA:113,10
DA:118,2
DA:119,2
DA:120,9
DA:121,9
DA:123,1
DA:125,2
DA:150,11
DA:151,3
DA:152,1
DA:155,2
DA:156,2
DA:158,2
DA:161,1
DA:164,1
DA:175,22
DA:183,0
DA:187,2
LF:50
LH:49
BRDA:34,0,0,1
BRDA:34,0,1,1
BRDA:34,1,0,2
BRDA:34,1,1,1
BRDA:59,2,0,1
BRDA:59,2,1,2
BRDA:65,3,0,1
BRDA:65,3,1,1
BRDA:65,4,0,2
BRDA:65,4,1,1
BRDA:121,5,0,1
BRDA:121,5,1,8
BRDA:151,6,0,1
BRDA:151,6,1,2
BRDA:158,7,0,1
BRDA:158,7,1,1
BRDA:158,8,0,2
BRDA:158,8,1,2
BRDA:158,8,2,2
BRF:19
BRH:19
end_of_record
TN:
SF:src/pages/booking/bookingCard.js
FN:8,BookingCard
FN:11,(anonymous_1)
FNF:2
FNH:2
FNDA:2,BookingCard
FNDA:1,(anonymous_1)
DA:9,2
DA:11,2
DA:12,1
DA:13,1
DA:15,2
LF:5
LH:5
BRF:0
BRH:0
end_of_record
TN:
SF:src/pages/booking/bookingDetail.js
FN:14,BookingDetail
FN:25,(anonymous_1)
FN:26,fetchData
FNF:3
FNH:3
FNDA:3,BookingDetail
FNDA:2,(anonymous_1)
FNDA:2,fetchData
DA:15,3
DA:23,3
DA:25,3
DA:27,2
DA:28,2
DA:29,1
DA:30,1
DA:39,1
DA:43,2
DA:46,3
DA:49,3
DA:53,3
LF:12
LH:12
BRDA:46,0,0,1
BRDA:46,0,1,2
BRDA:49,1,0,1
BRDA:49,1,1,2
BRF:4
BRH:4
end_of_record
TN:
SF:src/pages/booking/reservationPage.js
FN:18,(anonymous_0)
FN:22,(anonymous_1)
FN:40,(anonymous_2)
FN:68,(anonymous_3)
FNF:4
FNH:4
FNDA:3,(anonymous_0)
FNDA:2,(anonymous_1)
FNDA:3,(anonymous_2)
FNDA:2,(anonymous_3)
DA:19,3
DA:23,2
DA:25,2
DA:26,2
DA:27,2
DA:28,2
DA:29,2
DA:31,2
DA:32,2
DA:33,1
DA:36,1
DA:41,3
DA:42,3
DA:44,3
DA:68,2
LF:15
LH:15
BRF:0
BRH:0
end_of_record
TN:
SF:src/pages/general/homePage.js
FN:17,HomePage
FNF:1
FNH:1
FNDA:1,HomePage
DA:19,1
LF:1
LH:1
BRF:0
BRH:0
end_of_record
TN:
SF:src/pages/general/mainContent.js
FN:5,MainContent
FNF:1
FNH:1
FNDA:1,MainContent
DA:6,1
LF:1
LH:1
BRF:0
BRH:0
end_of_record
