TN:
SF:styleMock.js
FNF:0
FNH:0
DA:1,6
LF:1
LH:1
BRF:0
BRH:0
end_of_record
TN:
SF:src/axios.js
FN:19,(anonymous_0)
FN:22,(anonymous_1)
FN:65,(anonymous_2)
FN:76,(anonymous_3)
FNF:4
FNH:0
FNDA:0,(anonymous_0)
FNDA:0,(anonymous_1)
FNDA:0,(anonymous_2)
FNDA:0,(anonymous_3)
DA:4,1
DA:6,1
DA:18,1
DA:20,0
DA:23,0
DA:25,0
DA:26,0
DA:31,0
DA:34,0
DA:38,0
DA:39,0
DA:40,0
DA:43,0
DA:48,0
DA:50,0
DA:51,0
DA:52,0
DA:55,0
DA:56,0
DA:59,0
DA:60,0
DA:62,0
DA:63,0
DA:66,0
DA:67,0
DA:69,0
DA:71,0
DA:74,0
DA:77,0
DA:80,0
DA:81,0
DA:84,0
DA:85,0
DA:90,0
LF:34
LH:3
BRDA:10,0,0,0
BRDA:10,0,1,1
BRDA:25,1,0,0
BRDA:25,1,1,0
BRDA:34,2,0,0
BRDA:34,2,1,0
BRDA:35,3,0,0
BRDA:35,3,1,0
BRDA:43,4,0,0
BRDA:43,4,1,0
BRDA:44,5,0,0
BRDA:44,5,1,0
BRDA:44,5,2,0
BRDA:50,6,0,0
BRDA:50,6,1,0
BRDA:55,7,0,0
BRDA:55,7,1,0
BRDA:62,8,0,0
BRDA:62,8,1,0
BRF:19
BRH:1
end_of_record
TN:
SF:src/auth/privateRoute.js
FN:8,PrivateRoute
FN:10,(anonymous_1)
FNF:2
FNH:2
FNDA:2,PrivateRoute
FNDA:2,(anonymous_1)
DA:9,2
DA:11,2
LF:2
LH:2
BRDA:11,0,0,1
BRDA:11,0,1,1
BRF:2
BRH:2
end_of_record
TN:
SF:src/components/button.js
FN:6,Button
FNF:1
FNH:1
FNDA:2,Button
DA:7,2
DA:9,2
LF:2
LH:2
BRDA:7,0,0,1
BRDA:7,0,1,1
BRDA:9,1,0,1
BRDA:9,1,1,1
BRF:4
BRH:4
end_of_record
TN:
SF:src/components/cardLinkArea.js
FN:3,(anonymous_0)
FNF:1
FNH:1
FNDA:1,(anonymous_0)
DA:4,1
LF:1
LH:1
BRF:0
BRH:0
end_of_record
TN:
SF:src/components/contentCard.js
FN:3,ContentCard
FNF:1
FNH:1
FNDA:2,ContentCard
DA:4,2
DA:7,2
LF:2
LH:2
BRDA:4,0,0,1
BRDA:4,0,1,1
BRDA:5,1,0,1
BRDA:5,1,1,0
BRF:4
BRH:3
end_of_record
TN:
SF:src/components/imageCard.js
FN:4,ImageCard
FNF:1
FNH:1
FNDA:1,ImageCard
DA:5,1
LF:1
LH:1
BRF:0
BRH:0
end_of_record
TN:
SF:src/components/layoutContainer.js
FN:3,(anonymous_0)
FNF:1
FNH:1
FNDA:1,(anonymous_0)
DA:4,1
LF:1
LH:1
BRF:0
BRH:0
end_of_record
TN:
SF:src/components/pageTitle.js
FN:4,PageTitle
FNF:1
FNH:1
FNDA:2,PageTitle
DA:5,2
LF:1
LH:1
BRDA:5,0,0,1
BRDA:5,0,1,1
BRF:2
BRH:2
end_of_record
TN:
SF:src/helperFunctions/parseDateString.js
FN:1,parseDateString
FNF:1
FNH:1
FNDA:1,parseDateString
DA:2,1
DA:4,1
DA:6,1
DA:7,1
DA:8,1
DA:13,1
LF:6
LH:6
BRF:0
BRH:0
end_of_record
TN:
SF:src/pages/booking/bookingCalendar.js
FN:14,(anonymous_0)
FN:26,(anonymous_1)
FN:33,(anonymous_2)
FN:58,(anonymous_3)
FN:76,(anonymous_4)
FN:95,(anonymous_5)
FN:112,(anonymous_6)
FN:117,(anonymous_7)
FN:118,(anonymous_8)
FN:128,(anonymous_9)
FN:140,(anonymous_10)
FN:150,(anonymous_11)
FN:176,(anonymous_12)
FN:185,(anonymous_13)
FN:186,(anonymous_14)
FN:190,(anonymous_15)
FNF:16
FNH:9
FNDA:9,(anonymous_0)
FNDA:9,(anonymous_1)
FNDA:2,(anonymous_2)
FNDA:3,(anonymous_3)
FNDA:1,(anonymous_4)
FNDA:1,(anonymous_5)
FNDA:10,(anonymous_6)
FNDA:0,(anonymous_7)
FNDA:0,(anonymous_8)
FNDA:0,(anonymous_9)
FNDA:0,(anonymous_10)
FNDA:0,(anonymous_11)
FNDA:18,(anonymous_12)
FNDA:0,(anonymous_13)
FNDA:0,(anonymous_14)
FNDA:2,(anonymous_15)
DA:15,9
DA:16,9
DA:23,9
DA:27,9
DA:28,1
DA:29,1
DA:30,1
DA:34,2
DA:35,1
DA:36,1
DA:38,1
DA:59,3
DA:60,1
DA:65,2
DA:66,1
DA:70,1
DA:73,3
DA:77,1
DA:92,1
DA:96,1
DA:97,1
DA:98,3
DA:99,3
DA:100,3
DA:101,3
DA:102,3
DA:104,3
DA:105,3
DA:106,3
DA:107,3
DA:109,3
DA:112,1
DA:113,10
DA:118,0
DA:119,0
DA:120,0
DA:121,0
DA:123,0
DA:125,0
DA:150,9
DA:151,0
DA:153,0
DA:154,0
DA:157,0
DA:158,0
DA:160,0
DA:163,0
DA:166,0
DA:177,18
DA:185,0
DA:186,0
DA:190,2
LF:52
LH:36
BRDA:34,0,0,1
BRDA:34,0,1,1
BRDA:34,1,0,2
BRDA:34,1,1,1
BRDA:59,2,0,1
BRDA:59,2,1,2
BRDA:65,3,0,1
BRDA:65,3,1,1
BRDA:65,4,0,2
BRDA:65,4,1,1
BRDA:121,5,0,0
BRDA:121,5,1,0
BRDA:153,6,0,0
BRDA:153,6,1,0
BRDA:160,7,0,0
BRDA:160,7,1,0
BRDA:160,8,0,0
BRDA:160,8,1,0
BRDA:160,8,2,0
BRF:19
BRH:10
end_of_record
TN:
SF:src/pages/general/homePage.js
FN:17,HomePage
FNF:1
FNH:1
FNDA:1,HomePage
DA:19,1
LF:1
LH:1
BRF:0
BRH:0
end_of_record
TN:
SF:src/pages/general/mainContent.js
FN:5,MainContent
FNF:1
FNH:1
FNDA:1,MainContent
DA:6,1
LF:1
LH:1
BRF:0
BRH:0
end_of_record
